<?xml version="1.0" encoding="UTF-8"?>
<testsuite name="handlers.DirectoryHandlerTest" tests="1" skipped="0" failures="0" errors="0" timestamp="2015-12-18T21:34:47" hostname="Brians-MacBook-Pro.local" time="0.001">
  <properties/>
  <testcase name="testReturns200OK" classname="handlers.DirectoryHandlerTest" time="0.001"/>
  <system-out><![CDATA[]]></system-out>
  <system-err><![CDATA[]]></system-err>
</testsuite>
