<?xml version="1.0" encoding="UTF-8"?>
<testsuite name="handlers.ApplicationControllerTest" tests="7" skipped="0" failures="0" errors="0" timestamp="2015-12-18T21:34:47" hostname="Brians-MacBook-Pro.local" time="0.003">
  <properties/>
  <testcase name="testDeleteRequest" classname="handlers.ApplicationControllerTest" time="0.0"/>
  <testcase name="testPatchRequest" classname="handlers.ApplicationControllerTest" time="0.001"/>
  <testcase name="testPutMethodNotAllowed" classname="handlers.ApplicationControllerTest" time="0.0"/>
  <testcase name="testPutRequest" classname="handlers.ApplicationControllerTest" time="0.0"/>
  <testcase name="testPostRequest" classname="handlers.ApplicationControllerTest" time="0.0"/>
  <testcase name="testGetRequest" classname="handlers.ApplicationControllerTest" time="0.0"/>
  <testcase name="testOptionsRequest" classname="handlers.ApplicationControllerTest" time="0.0"/>
  <system-out><![CDATA[]]></system-out>
  <system-err><![CDATA[]]></system-err>
</testsuite>
