<?xml version="1.0" encoding="UTF-8"?>
<testsuite name="server.ServerRunnerTest" tests="17" skipped="0" failures="0" errors="0" timestamp="2015-12-18T21:34:47" hostname="Brians-MacBook-Pro.local" time="0.057">
  <properties/>
  <testcase name="testPostToRootNotAllowed" classname="server.ServerRunnerTest" time="0.009"/>
  <testcase name="testGetsRedirect302" classname="server.ServerRunnerTest" time="0.003"/>
  <testcase name="testRootReturns200OK" classname="server.ServerRunnerTest" time="0.002"/>
  <testcase name="testMethodOptions" classname="server.ServerRunnerTest" time="0.002"/>
  <testcase name="testGetsPNGContents" classname="server.ServerRunnerTest" time="0.003"/>
  <testcase name="testGetsPatchContentFile" classname="server.ServerRunnerTest" time="0.002"/>
  <testcase name="testFile1GetsContents" classname="server.ServerRunnerTest" time="0.002"/>
  <testcase name="testUndefinedRouteNotFound" classname="server.ServerRunnerTest" time="0.004"/>
  <testcase name="testParameters" classname="server.ServerRunnerTest" time="0.002"/>
  <testcase name="testGetsJPEGContents" classname="server.ServerRunnerTest" time="0.003"/>
  <testcase name="testGetsGIFContents" classname="server.ServerRunnerTest" time="0.003"/>
  <testcase name="testGetsFile2OK" classname="server.ServerRunnerTest" time="0.002"/>
  <testcase name="testGetsPartialContents" classname="server.ServerRunnerTest" time="0.003"/>
  <testcase name="testPostsFile2NotAllowed" classname="server.ServerRunnerTest" time="0.002"/>
  <testcase name="testGetsTextFileContents" classname="server.ServerRunnerTest" time="0.002"/>
  <testcase name="testLogsReturns401Unauthorized" classname="server.ServerRunnerTest" time="0.005"/>
  <testcase name="testLogsReturns200OK" classname="server.ServerRunnerTest" time="0.002"/>
  <system-out><![CDATA[]]></system-out>
  <system-err><![CDATA[Dec 18, 2015 3:34:47 PM server.ServerRunner run
INFO: POST / HTTP/1.1

Dec 18, 2015 3:34:47 PM server.ServerRunner run
INFO: GET /redirect HTTP/1.1

Dec 18, 2015 3:34:47 PM server.ServerRunner run
INFO: GET / HTTP/1.1

Dec 18, 2015 3:34:47 PM server.ServerRunner run
INFO: GET /method_options HTTP/1.1

Dec 18, 2015 3:34:47 PM server.ServerRunner run
INFO: GET /image.png HTTP/1.1

Dec 18, 2015 3:34:47 PM server.ServerRunner run
INFO: GET /patch_content.txt HTTP/1.1

Dec 18, 2015 3:34:47 PM server.ServerRunner run
INFO: GET /file1 HTTP/1.1

Dec 18, 2015 3:34:47 PM server.ServerRunner run
INFO: GET /foobar HTTP/1.1

Dec 18, 2015 3:34:47 PM server.ServerRunner run
INFO: GET /parameters HTTP/1.1

Dec 18, 2015 3:34:47 PM server.ServerRunner run
INFO: GET /image.jpeg HTTP/1.1

Dec 18, 2015 3:34:47 PM server.ServerRunner run
INFO: GET /image.gif HTTP/1.1

Dec 18, 2015 3:34:47 PM server.ServerRunner run
INFO: GET /file2 HTTP/1.1

Dec 18, 2015 3:34:47 PM server.ServerRunner run
INFO: GET /partial_content.txt HTTP/1.1

Dec 18, 2015 3:34:47 PM server.ServerRunner run
INFO: POST /file1 HTTP/1.1

Dec 18, 2015 3:34:47 PM server.ServerRunner run
INFO: GET /text-file.txt HTTP/1.1

Dec 18, 2015 3:34:47 PM server.ServerRunner run
INFO: GET /logs HTTP/1.1

Dec 18, 2015 3:34:47 PM server.ServerRunner run
INFO: GET /logs HTTP/1.1
Authorization: Basic YWRtaW46aHVudGVyMg==


]]></system-err>
</testsuite>
