<?xml version="1.0" encoding="UTF-8"?>
<testsuite name="handlers.FileHandlerTest" tests="5" skipped="0" failures="0" errors="0" timestamp="2015-12-18T21:34:47" hostname="Brians-MacBook-Pro.local" time="0.01">
  <properties/>
  <testcase name="testReturns200OK" classname="handlers.FileHandlerTest" time="0.005"/>
  <testcase name="testMethodNotAllowedForPutRequest" classname="handlers.FileHandlerTest" time="0.0"/>
  <testcase name="testPatchContent" classname="handlers.FileHandlerTest" time="0.003"/>
  <testcase name="testMethodNotAllowedForPostRequest" classname="handlers.FileHandlerTest" time="0.0"/>
  <testcase name="testReturnsFile1Contents" classname="handlers.FileHandlerTest" time="0.001"/>
  <system-out><![CDATA[]]></system-out>
  <system-err><![CDATA[]]></system-err>
</testsuite>
