<?xml version="1.0" encoding="UTF-8"?>
<testsuite name="configuration.SettingsTest" tests="3" skipped="0" failures="0" errors="0" timestamp="2015-12-18T21:34:47" hostname="Brians-MacBook-Pro.local" time="0.016">
  <properties/>
  <testcase name="testDefaultPortAndPublicDir" classname="configuration.SettingsTest" time="0.002"/>
  <testcase name="testParseArgs" classname="configuration.SettingsTest" time="0.0"/>
  <testcase name="testCreatesLogsDirectory" classname="configuration.SettingsTest" time="0.014"/>
  <system-out><![CDATA[]]></system-out>
  <system-err><![CDATA[]]></system-err>
</testsuite>
