<?xml version="1.0" encoding="UTF-8"?>
<testsuite name="builders.RouteTest" tests="3" skipped="0" failures="0" errors="0" timestamp="2015-12-18T21:34:47" hostname="Brians-MacBook-Pro.local" time="0.002">
  <properties/>
  <testcase name="testDoesMatch" classname="builders.RouteTest" time="0.001"/>
  <testcase name="testDoesNotMatch" classname="builders.RouteTest" time="0.0"/>
  <testcase name="testDoesNodfgtMatch" classname="builders.RouteTest" time="0.0"/>
  <system-out><![CDATA[]]></system-out>
  <system-err><![CDATA[]]></system-err>
</testsuite>
